1687944596311:ssh -s my-machine
1687944871973:help
1687944879343:clear
1687944889190:history
1687944894880:version
1687944897617:script
1687944910377:xit
1687944912429:exit
1687945001676:ssh -s
1687945017845:ssh -s my-machine
1687945056280:my-ssh -s -remote-server test
1687945244703:ssh help
1687945252150:help
1687945273662:my-ssh1 -remote-server test
1687945282008:my-ssh1 test
1687945316080:my-ssh1 my-machine
1687945432521:ssh-agent --a t
1687945463192:ssh-agent --a 4
1687945489726:ssh-agent --a shubham
1687945559075:sign-in
1687945565073:sign-out
1687945697614:sign-in
1687945703603:sign-out
1687945778810:change-password
1687945785991:change password
1687945795641:change-pass
1687945804438:sign-in
1687945808910:change-pass
1687945818198:change-pass shubham
1687945883564:sign out
1687945903679:sign-out
1687945932791:change-pass shubham
1687945952722:sign in
1687945956225:sign-in
1687945964125:sign out
1687945991661:add 1 2
